<?xml version="1.0" encoding="UTF-8"?>
<testsuite xmlns:xsi="http://www.w3.org/2001/XMLSchema-instance" xsi:noNamespaceSchemaLocation="https://maven.apache.org/surefire/maven-surefire-plugin/xsd/surefire-test-report-3.0.xsd" version="3.0" name="com.example.playwright.AppTest" time="0.02" tests="1" errors="0" skipped="0" failures="0">
  <properties>
    <property name="java.specification.version" value="20"/>
    <property name="sun.cpu.isalist" value="amd64"/>
    <property name="sun.jnu.encoding" value="Cp1252"/>
    <property name="java.class.path" value="C:\Users\Hasnain Zaidi\playwright-tests\target\test-classes;C:\Users\Hasnain Zaidi\playwright-tests\target\classes;C:\Users\Hasnain Zaidi\.m2\repository\junit\junit\3.8.1\junit-3.8.1.jar;C:\Users\Hasnain Zaidi\.m2\repository\com\microsoft\playwright\playwright\1.39.0\playwright-1.39.0.jar;C:\Users\Hasnain Zaidi\.m2\repository\com\google\code\gson\gson\2.8.9\gson-2.8.9.jar;C:\Users\Hasnain Zaidi\.m2\repository\org\opentest4j\opentest4j\1.2.0\opentest4j-1.2.0.jar;C:\Users\Hasnain Zaidi\.m2\repository\com\microsoft\playwright\driver\1.39.0\driver-1.39.0.jar;C:\Users\Hasnain Zaidi\.m2\repository\com\microsoft\playwright\driver-bundle\1.39.0\driver-bundle-1.39.0.jar;"/>
    <property name="java.vm.vendor" value="Oracle Corporation"/>
    <property name="sun.arch.data.model" value="64"/>
    <property name="user.variant" value=""/>
    <property name="java.vendor.url" value="https://java.oracle.com/"/>
    <property name="user.timezone" value="Asia/Karachi"/>
    <property name="os.name" value="Windows 10"/>
    <property name="java.vm.specification.version" value="20"/>
    <property name="sun.java.launcher" value="SUN_STANDARD"/>
    <property name="user.country" value="US"/>
    <property name="sun.boot.library.path" value="C:\Program Files\Java\jdk-20\bin"/>
    <property name="sun.java.command" value="C:\Users\Hasnain Zaidi\AppData\Local\Temp\surefire18252501522826884722\surefirebooter-20241205012858045_3.jar C:\Users\Hasnain Zaidi\AppData\Local\Temp\surefire18252501522826884722 2024-12-05T01-28-56_593-jvmRun1 surefire-20241205012858045_1tmp surefire_0-20241205012858045_2tmp"/>
    <property name="jdk.debug" value="release"/>
    <property name="surefire.test.class.path" value="C:\Users\Hasnain Zaidi\playwright-tests\target\test-classes;C:\Users\Hasnain Zaidi\playwright-tests\target\classes;C:\Users\Hasnain Zaidi\.m2\repository\junit\junit\3.8.1\junit-3.8.1.jar;C:\Users\Hasnain Zaidi\.m2\repository\com\microsoft\playwright\playwright\1.39.0\playwright-1.39.0.jar;C:\Users\Hasnain Zaidi\.m2\repository\com\google\code\gson\gson\2.8.9\gson-2.8.9.jar;C:\Users\Hasnain Zaidi\.m2\repository\org\opentest4j\opentest4j\1.2.0\opentest4j-1.2.0.jar;C:\Users\Hasnain Zaidi\.m2\repository\com\microsoft\playwright\driver\1.39.0\driver-1.39.0.jar;C:\Users\Hasnain Zaidi\.m2\repository\com\microsoft\playwright\driver-bundle\1.39.0\driver-bundle-1.39.0.jar;"/>
    <property name="sun.cpu.endian" value="little"/>
    <property name="user.home" value="C:\Users\Hasnain Zaidi"/>
    <property name="user.language" value="en"/>
    <property name="java.specification.vendor" value="Oracle Corporation"/>
    <property name="java.version.date" value="2023-04-18"/>
    <property name="java.home" value="C:\Program Files\Java\jdk-20"/>
    <property name="file.separator" value="\"/>
    <property name="basedir" value="C:\Users\Hasnain Zaidi\playwright-tests"/>
    <property name="java.vm.compressedOopsMode" value="Zero based"/>
    <property name="line.separator" value="&#10;"/>
    <property name="java.vm.specification.vendor" value="Oracle Corporation"/>
    <property name="java.specification.name" value="Java Platform API Specification"/>
    <property name="surefire.real.class.path" value="C:\Users\Hasnain Zaidi\AppData\Local\Temp\surefire18252501522826884722\surefirebooter-20241205012858045_3.jar"/>
    <property name="user.script" value=""/>
    <property name="sun.management.compiler" value="HotSpot 64-Bit Tiered Compilers"/>
    <property name="java.runtime.version" value="20.0.1+9-29"/>
    <property name="user.name" value="Hasnain Zaidi"/>
    <property name="stdout.encoding" value="Cp1252"/>
    <property name="path.separator" value=";"/>
    <property name="os.version" value="10.0"/>
    <property name="java.runtime.name" value="Java(TM) SE Runtime Environment"/>
    <property name="file.encoding" value="UTF-8"/>
    <property name="java.vm.name" value="Java HotSpot(TM) 64-Bit Server VM"/>
    <property name="localRepository" value="C:\Users\Hasnain Zaidi\.m2\repository"/>
    <property name="java.vendor.url.bug" value="https://bugreport.java.com/bugreport/"/>
    <property name="java.io.tmpdir" value="C:\Users\HASNAI~1\AppData\Local\Temp\"/>
    <property name="java.version" value="20.0.1"/>
    <property name="user.dir" value="C:\Users\Hasnain Zaidi\playwright-tests"/>
    <property name="os.arch" value="amd64"/>
    <property name="java.vm.specification.name" value="Java Virtual Machine Specification"/>
    <property name="sun.os.patch.level" value=""/>
    <property name="native.encoding" value="Cp1252"/>
    <property name="java.library.path" value="C:\Program Files\Java\jdk-20\bin;C:\Windows\Sun\Java\bin;C:\Windows\system32;C:\Windows;C:\Program Files\Git\mingw64\bin;C:\Program Files\Git\usr\bin;C:\Users\Hasnain Zaidi\bin;C:\Program Files\Common Files\Oracle\Java\javapath;C:\Windows\system32;C:\Windows;C:\Windows\System32\Wbem;C:\Windows\System32\WindowsPowerShell\v1.0;C:\Windows\System32\OpenSSH;C:\Program Files (x86)\NVIDIA Corporation\PhysX\Common;C:\Program Files (x86)\Microsoft SQL Server\150\DTS\Binn;C:\Program Files\Azure Data Studio\bin;C:\Program Files\Java\jdk-20\bin;C:\Program Files\Git\cmd;C:\Program Files\Maven\apache-maven-3.9.5\bin;C:\Program Files\nodejs;C:\Android\platform-tools;C:\Users\Hasnain Zaidi\Downloads\allure-2.30.0\allure-2.30.0\bin;C:\Users\Hasnain Zaidi\scoop\shims;C:\Users\Hasnain Zaidi\AppData\Local\Microsoft\WindowsApps;C:\Users\Hasnain Zaidi\AppData\Roaming\npm;."/>
    <property name="java.vm.info" value="mixed mode, sharing"/>
    <property name="stderr.encoding" value="Cp1252"/>
    <property name="java.vendor" value="Oracle Corporation"/>
    <property name="java.vm.version" value="20.0.1+9-29"/>
    <property name="sun.io.unicode.encoding" value="UnicodeLittle"/>
    <property name="java.class.version" value="64.0"/>
  </properties>
  <testcase name="testApp" classname="com.example.playwright.AppTest" time="0.002"/>
</testsuite>